<component name="libraryTable">
  <library name="junit-fixture">
    <CLASSES>
      <root url="jar://$PROJECT_DIR$/source/books/java/110-unit-test/20-fixture/junit-fixture.zip!/" />
    </CLASSES>
    <JAVADOC />
    <SOURCES />
  </library>
</component>